<?xml version="1.0" encoding="UTF-8"?>
<!-- Generated by org.testng.reporters.JUnitReportReporter -->
<testsuite hostname="ASUS" failures="0" tests="2" name="Parameters.Rightclick" time="1.074" errors="1" timestamp="2024-10-16T15:31:51 IST" skipped="1">
  <testcase classname="Parameters.Rightclick" name="rightclick" time="1.074">
    <error message="session not created: This version of ChromeDriver only supports Chrome version 127
Current browser version is 130.0.6723.58 with binary path C:\Program Files\Google\Chrome\Application\chrome.exe
Build info: version: &#039;3.141.59&#039;, revision: &#039;e82be7d358&#039;, time: &#039;2018-11-14T08:25:53&#039;
System info: host: &#039;ASUS&#039;, ip: &#039;192.168.1.89&#039;, os.name: &#039;Windows 11&#039;, os.arch: &#039;amd64&#039;, os.version: &#039;10.0&#039;, java.version: &#039;21.0.3&#039;
Driver info: driver.version: ChromeDriver
remote stacktrace: 	GetHandleVerifier [0x00007FF6C7EF9632+30946]
	(No symbol) [0x00007FF6C7EAE3C9]
	(No symbol) [0x00007FF6C7DA6FDA]
	(No symbol) [0x00007FF6C7DE7341]
	(No symbol) [0x00007FF6C7DE6598]
	(No symbol) [0x00007FF6C7DE148D]
	(No symbol) [0x00007FF6C7DDC4FA]
	(No symbol) [0x00007FF6C7E278B9]
	(No symbol) [0x00007FF6C7E26F20]
	(No symbol) [0x00007FF6C7E1C813]
	(No symbol) [0x00007FF6C7DEA6E5]
	(No symbol) [0x00007FF6C7DEB021]
	GetHandleVerifier [0x00007FF6C802F83D+1301229]
	GetHandleVerifier [0x00007FF6C803BDB7+1351783]
	GetHandleVerifier [0x00007FF6C8032A03+1313971]
	GetHandleVerifier [0x00007FF6C7F2DD06+245686]
	(No symbol) [0x00007FF6C7EB758F]
	(No symbol) [0x00007FF6C7EB3804]
	(No symbol) [0x00007FF6C7EB3992]
	(No symbol) [0x00007FF6C7EAA3EF]
	BaseThreadInitThunk [0x00007FFAA91ADBE7+23]
	RtlUserThreadStart [0x00007FFAAA4E5A4C+44]
" type="org.openqa.selenium.SessionNotCreatedException">
      <![CDATA[org.openqa.selenium.SessionNotCreatedException: session not created: This version of ChromeDriver only supports Chrome version 127
Current browser version is 130.0.6723.58 with binary path C:\Program Files\Google\Chrome\Application\chrome.exe
Build info: version: '3.141.59', revision: 'e82be7d358', time: '2018-11-14T08:25:53'
System info: host: 'ASUS', ip: '192.168.1.89', os.name: 'Windows 11', os.arch: 'amd64', os.version: '10.0', java.version: '21.0.3'
Driver info: driver.version: ChromeDriver
remote stacktrace: GetHandleVerifier [0x00007FF6C7EF9632+30946]
(No symbol) [0x00007FF6C7EAE3C9]
(No symbol) [0x00007FF6C7DA6FDA]
(No symbol) [0x00007FF6C7DE7341]
(No symbol) [0x00007FF6C7DE6598]
(No symbol) [0x00007FF6C7DE148D]
(No symbol) [0x00007FF6C7DDC4FA]
(No symbol) [0x00007FF6C7E278B9]
(No symbol) [0x00007FF6C7E26F20]
(No symbol) [0x00007FF6C7E1C813]
(No symbol) [0x00007FF6C7DEA6E5]
(No symbol) [0x00007FF6C7DEB021]
GetHandleVerifier [0x00007FF6C802F83D+1301229]
GetHandleVerifier [0x00007FF6C803BDB7+1351783]
GetHandleVerifier [0x00007FF6C8032A03+1313971]
GetHandleVerifier [0x00007FF6C7F2DD06+245686]
(No symbol) [0x00007FF6C7EB758F]
(No symbol) [0x00007FF6C7EB3804]
(No symbol) [0x00007FF6C7EB3992]
(No symbol) [0x00007FF6C7EAA3EF]
BaseThreadInitThunk [0x00007FFAA91ADBE7+23]
RtlUserThreadStart [0x00007FFAAA4E5A4C+44]

at java.base/jdk.internal.reflect.DirectConstructorHandleAccessor.newInstance(DirectConstructorHandleAccessor.java:62)
at java.base/java.lang.reflect.Constructor.newInstanceWithCaller(Constructor.java:502)
at java.base/java.lang.reflect.Constructor.newInstance(Constructor.java:486)
at org.openqa.selenium.remote.W3CHandshakeResponse.lambda$errorHandler$0(W3CHandshakeResponse.java:62)
at org.openqa.selenium.remote.HandshakeResponse.lambda$getResponseFunction$0(HandshakeResponse.java:30)
at org.openqa.selenium.remote.ProtocolHandshake.lambda$createSession$0(ProtocolHandshake.java:126)
at java.base/java.util.stream.ReferencePipeline$3$1.accept(ReferencePipeline.java:197)
at java.base/java.util.Spliterators$ArraySpliterator.tryAdvance(Spliterators.java:1034)
at java.base/java.util.stream.ReferencePipeline.forEachWithCancel(ReferencePipeline.java:129)
at java.base/java.util.stream.AbstractPipeline.copyIntoWithCancel(AbstractPipeline.java:527)
at java.base/java.util.stream.AbstractPipeline.copyInto(AbstractPipeline.java:513)
at java.base/java.util.stream.AbstractPipeline.wrapAndCopyInto(AbstractPipeline.java:499)
at java.base/java.util.stream.FindOps$FindOp.evaluateSequential(FindOps.java:150)
at java.base/java.util.stream.AbstractPipeline.evaluate(AbstractPipeline.java:234)
at java.base/java.util.stream.ReferencePipeline.findFirst(ReferencePipeline.java:647)
at org.openqa.selenium.remote.ProtocolHandshake.createSession(ProtocolHandshake.java:128)
at org.openqa.selenium.remote.ProtocolHandshake.createSession(ProtocolHandshake.java:74)
at org.openqa.selenium.remote.HttpCommandExecutor.execute(HttpCommandExecutor.java:136)
at org.openqa.selenium.remote.service.DriverCommandExecutor.execute(DriverCommandExecutor.java:83)
at org.openqa.selenium.remote.RemoteWebDriver.execute(RemoteWebDriver.java:552)
at org.openqa.selenium.remote.RemoteWebDriver.startSession(RemoteWebDriver.java:213)
at org.openqa.selenium.remote.RemoteWebDriver.<init>(RemoteWebDriver.java:131)
at org.openqa.selenium.chrome.ChromeDriver.<init>(ChromeDriver.java:181)
at org.openqa.selenium.chrome.ChromeDriver.<init>(ChromeDriver.java:168)
at org.openqa.selenium.chrome.ChromeDriver.<init>(ChromeDriver.java:123)
at Parameters.Rightclick.rightclick(Rightclick.java:14)
at java.base/jdk.internal.reflect.DirectMethodHandleAccessor.invoke(DirectMethodHandleAccessor.java:103)
at java.base/java.lang.reflect.Method.invoke(Method.java:580)
at org.testng.internal.MethodInvocationHelper.invokeMethod(MethodInvocationHelper.java:133)
at org.testng.internal.TestInvoker.invokeMethod(TestInvoker.java:598)
at org.testng.internal.TestInvoker.invokeTestMethod(TestInvoker.java:173)
at org.testng.internal.MethodRunner.runInSequence(MethodRunner.java:46)
at org.testng.internal.TestInvoker$MethodInvocationAgent.invoke(TestInvoker.java:824)
at org.testng.internal.TestInvoker.invokeTestMethods(TestInvoker.java:146)
at org.testng.internal.TestMethodWorker.invokeTestMethods(TestMethodWorker.java:146)
at org.testng.internal.TestMethodWorker.run(TestMethodWorker.java:128)
at java.base/java.util.ArrayList.forEach(ArrayList.java:1596)
at org.testng.TestRunner.privateRun(TestRunner.java:794)
at org.testng.TestRunner.run(TestRunner.java:596)
at org.testng.SuiteRunner.runTest(SuiteRunner.java:377)
at org.testng.SuiteRunner.runSequentially(SuiteRunner.java:371)
at org.testng.SuiteRunner.privateRun(SuiteRunner.java:332)
at org.testng.SuiteRunner.run(SuiteRunner.java:276)
at org.testng.SuiteRunnerWorker.runSuite(SuiteRunnerWorker.java:53)
at org.testng.SuiteRunnerWorker.run(SuiteRunnerWorker.java:96)
at org.testng.TestNG.runSuitesSequentially(TestNG.java:1212)
at org.testng.TestNG.runSuitesLocally(TestNG.java:1134)
at org.testng.TestNG.runSuites(TestNG.java:1063)
at org.testng.TestNG.run(TestNG.java:1031)
at org.testng.remote.AbstractRemoteTestNG.run(AbstractRemoteTestNG.java:115)
at org.testng.remote.RemoteTestNG.initAndRun(RemoteTestNG.java:293)
at org.testng.remote.RemoteTestNG.main(RemoteTestNG.java:91)
]]>
    </error>
  </testcase> <!-- rightclick -->
  <system-out/>
  <testcase classname="Parameters.Rightclick" name="login">
    <skipped/>
  </testcase> <!-- login -->
  <system-out/>
</testsuite> <!-- Parameters.Rightclick -->
